Error,12/11/2024 18:58:39,EventLog,6008,Ninguno,El cierre anterior del sistema a las 01:26:56 p. m. del ‎12/‎11/‎2024 resultó inesperado.
Advertencia,12/11/2024 18:58:38,LsaSrv,6155,Ninguno,"El paquete LSA no está firmado como se esperaba. Esto puede provocar un comportamiento inesperado con Credential Guard.

PackageName: msv1_0"
Advertencia,12/11/2024 18:58:38,LsaSrv,6155,Ninguno,"El paquete LSA no está firmado como se esperaba. Esto puede provocar un comportamiento inesperado con Credential Guard.

PackageName: sfapm"
Advertencia,12/11/2024 18:58:38,LsaSrv,6155,Ninguno,"El paquete LSA no está firmado como se esperaba. Esto puede provocar un comportamiento inesperado con Credential Guard.

PackageName: schannel"
Advertencia,12/11/2024 18:58:38,LsaSrv,6155,Ninguno,"El paquete LSA no está firmado como se esperaba. Esto puede provocar un comportamiento inesperado con Credential Guard.

PackageName: wdigest"
Advertencia,12/11/2024 18:58:38,LsaSrv,6155,Ninguno,"El paquete LSA no está firmado como se esperaba. Esto puede provocar un comportamiento inesperado con Credential Guard.

PackageName: cloudap"
Advertencia,12/11/2024 18:58:38,LsaSrv,6155,Ninguno,"El paquete LSA no está firmado como se esperaba. Esto puede provocar un comportamiento inesperado con Credential Guard.

PackageName: pku2u"
Advertencia,12/11/2024 18:58:38,LsaSrv,6155,Ninguno,"El paquete LSA no está firmado como se esperaba. Esto puede provocar un comportamiento inesperado con Credential Guard.

PackageName: tspkg"
Advertencia,12/11/2024 18:58:38,LsaSrv,6155,Ninguno,"El paquete LSA no está firmado como se esperaba. Esto puede provocar un comportamiento inesperado con Credential Guard.

PackageName: msv1_0"
Advertencia,12/11/2024 18:58:38,LsaSrv,6155,Ninguno,"El paquete LSA no está firmado como se esperaba. Esto puede provocar un comportamiento inesperado con Credential Guard.

PackageName: kerberos"
Advertencia,12/11/2024 18:58:38,LsaSrv,6155,Ninguno,"El paquete LSA no está firmado como se esperaba. Esto puede provocar un comportamiento inesperado con Credential Guard.

PackageName: negoexts"
Advertencia,12/11/2024 18:58:38,Microsoft-Windows-Wininit,15,Ninguno,"Credential Guard y/o VBS Key Isolation están configurados, pero el kernel seguro no se está ejecutando. Continúa sin ellos."
Crítico,12/11/2024 18:58:03,Microsoft-Windows-Kernel-Power,41,(63),"Se reinició el sistema sin apagarlo limpiamente primero. Este error puede producirse si el sistema dejó de responder, se bloqueó o se interrumpió el suministro eléctrico de forma inesperada."
Error,12/11/2024 12:15:36,Service Control Manager,7031,Ninguno,El servicio Experiencia del usuario y telemetría asociadas terminó inesperadamente. Esto se ha repetido 2 veces. Se realizará la siguiente acción correctora en 30000 milisegundos: Reiniciar el servicio.
Error,12/11/2024 12:14:34,Application Error,1000,Eventos de bloqueo de aplicación,"Nombre de la aplicación con errores: svchost.exe_DiagTrack, versión: 10.0.22621.1, marca de tiempo: 0x6dc5c2a5
Nombre del módulo con errores: diagtrack.dll, versión: 10.0.22621.4249, marca de tiempo: 0x837ceb71
Código de excepción: 0x87c52007
Desplazamiento de errores: 0x00000000001bfc32
Identificador del proceso con errores: 0x0x2204
Hora de inicio de la aplicación con errores: 0x0x1DB351C256E8122
Ruta de acceso de la aplicación con errores: C:\WINDOWS\System32\svchost.exe
Ruta de acceso del módulo con errores: c:\windows\system32\diagtrack.dll
Identificador del informe: b6ff65c0-b91d-43c9-8ec5-2c3a584f773a
Nombre completo del paquete con errores: 
Identificador de aplicación relativa del paquete con errores: "
Advertencia,12/11/2024 12:02:23,Microsoft-Windows-DistributedCOM,10016,Ninguno,"La configuración de permisos específico de la aplicación no concede el permiso Activación Local para la aplicación de servidor COM con CLSID 
{2593F8B9-4EAF-457C-B68A-50F6B8EA6B54}
 y APPID 
{15C20B67-12E7-4BB6-92BB-7AFF07997402}
 al usuario DESKTOP-J7297OU\USUARIO con SID (S-1-5-21-2406599888-185599422-2313661707-1001) en la dirección LocalHost (con LRPC) que se ejecuta en el contenedor de aplicaciones con SID No disponible (No disponible). Este permiso de seguridad se puede modificar mediante la herramienta administrativa Servicios de componentes."
Advertencia,12/11/2024 11:58:15,Chrome,256,(1),[15668:15672:1112/115815.330:WARNING:remote_commands_service.cc(221)] Client is not registered.
Advertencia,12/11/2024 11:44:06,Microsoft-Windows-DistributedCOM,10016,Ninguno,"La configuración de permisos establecido de forma predeterminada en el equipo no concede el permiso Activación Local para la aplicación de servidor COM con CLSID 
{C2F03A33-21F5-47FA-B4BB-156362A2F239}
 y APPID 
{316CDED5-E4AE-4B15-9113-7055D84DCC97}
 al usuario NT AUTHORITY\LOCAL SERVICE con SID (S-1-5-19) en la dirección LocalHost (con LRPC) que se ejecuta en el contenedor de aplicaciones con SID No disponible (No disponible). Este permiso de seguridad se puede modificar mediante la herramienta administrativa Servicios de componentes."
Advertencia,12/11/2024 11:44:06,Microsoft-Windows-DistributedCOM,10016,Ninguno,"La configuración de permisos específico de la aplicación no concede el permiso Activación Local para la aplicación de servidor COM con CLSID 
{6B3B8D23-FA8D-40B9-8DBD-B950333E2C52}
 y APPID 
{4839DDB7-58C2-48F5-8283-E1D1807D0D7D}
 al usuario NT AUTHORITY\LOCAL SERVICE con SID (S-1-5-19) en la dirección LocalHost (con LRPC) que se ejecuta en el contenedor de aplicaciones con SID No disponible (No disponible). Este permiso de seguridad se puede modificar mediante la herramienta administrativa Servicios de componentes."
Advertencia,12/11/2024 11:44:06,Microsoft-Windows-DistributedCOM,10016,Ninguno,"La configuración de permisos establecido de forma predeterminada en el equipo no concede el permiso Activación Local para la aplicación de servidor COM con CLSID 
{C2F03A33-21F5-47FA-B4BB-156362A2F239}
 y APPID 
{316CDED5-E4AE-4B15-9113-7055D84DCC97}
 al usuario NT AUTHORITY\LOCAL SERVICE con SID (S-1-5-19) en la dirección LocalHost (con LRPC) que se ejecuta en el contenedor de aplicaciones con SID No disponible (No disponible). Este permiso de seguridad se puede modificar mediante la herramienta administrativa Servicios de componentes."
Advertencia,12/11/2024 11:44:06,Microsoft-Windows-DistributedCOM,10016,Ninguno,"La configuración de permisos específico de la aplicación no concede el permiso Activación Local para la aplicación de servidor COM con CLSID 
{6B3B8D23-FA8D-40B9-8DBD-B950333E2C52}
 y APPID 
{4839DDB7-58C2-48F5-8283-E1D1807D0D7D}
 al usuario NT AUTHORITY\LOCAL SERVICE con SID (S-1-5-19) en la dirección LocalHost (con LRPC) que se ejecuta en el contenedor de aplicaciones con SID No disponible (No disponible). Este permiso de seguridad se puede modificar mediante la herramienta administrativa Servicios de componentes."
Advertencia,12/11/2024 11:41:11,Microsoft-Windows-DistributedCOM,10016,Ninguno,"La configuración de permisos específico de la aplicación no concede el permiso Activación Local para la aplicación de servidor COM con CLSID 
{2593F8B9-4EAF-457C-B68A-50F6B8EA6B54}
 y APPID 
{15C20B67-12E7-4BB6-92BB-7AFF07997402}
 al usuario DESKTOP-J7297OU\USUARIO con SID (S-1-5-21-2406599888-185599422-2313661707-1001) en la dirección LocalHost (con LRPC) que se ejecuta en el contenedor de aplicaciones con SID MicrosoftWindows.Client.WebExperience_524.28801.70.0_x64__cw5n1h2txyewy (No disponible). Este permiso de seguridad se puede modificar mediante la herramienta administrativa Servicios de componentes."
Advertencia,12/11/2024 11:17:24,ESENT,643,(5),"Video.UI (7200,D,50) {2E316F0E-9FF8-4C63-88D9-77AEC5DAF8C8}:  versión de orden de NLS no actualizada detectada en la base de datos 'C:\Users\USUARIO\AppData\Local\Packages\Microsoft.ZuneVideo_8wekyb3d8bbwe\LocalState\Database\anonymous\EntClientDb.edb' para la configuración regional 'es-EC', versión de ordenación de índice: (SortId =0000002b-57ee-1e5c-00b4-d0000bb1e11e, version =0006030500060305), versión de ordenación actual: (SortId =0000002b-57ee-1e5c-00b4-d0000bb1e11e, version =0006040300060403). "
Error,12/11/2024 11:01:04,Service Control Manager,7031,Ninguno,El servicio Experiencia del usuario y telemetría asociadas terminó inesperadamente. Esto se ha repetido 1 veces. Se realizará la siguiente acción correctora en 30000 milisegundos: Reiniciar el servicio.
Error,12/11/2024 11:00:58,Microsoft-Windows-WindowsUpdateClient,20,Agente de Windows Update,Error de instalación: error de Windows al instalar la siguiente actualización con el error 0x80073D02: 9MSSGKG348SP-MicrosoftWindows.Client.WebExperience.
Error,12/11/2024 10:59:58,Application Error,1000,Eventos de bloqueo de aplicación,"Nombre de la aplicación con errores: svchost.exe_DiagTrack, versión: 10.0.22621.1, marca de tiempo: 0x6dc5c2a5
Nombre del módulo con errores: diagtrack.dll, versión: 10.0.22621.4249, marca de tiempo: 0x837ceb71
Código de excepción: 0x87c52007
Desplazamiento de errores: 0x00000000001bfc32
Identificador del proceso con errores: 0x0x1668
Hora de inicio de la aplicación con errores: 0x0x1DB351A1A89B397
Ruta de acceso de la aplicación con errores: C:\WINDOWS\System32\svchost.exe
Ruta de acceso del módulo con errores: c:\windows\system32\diagtrack.dll
Identificador del informe: dc309f3e-5ded-4e99-9eca-ad8671d9eac1
Nombre completo del paquete con errores: 
Identificador de aplicación relativa del paquete con errores: "
Advertencia,12/11/2024 10:57:24,Microsoft-Windows-RestartManager,10010,Ninguno,Application 'C:\Program Files (x86)\Microsoft\EdgeWebView\Application\130.0.2849.80\msedgewebview2.exe' (pid 11460) cannot be restarted - Application SID does not match Conductor SID..
Advertencia,12/11/2024 10:57:24,Microsoft-Windows-RestartManager,10010,Ninguno,Application 'C:\Program Files\WindowsApps\ReaderNotificationClient_1.0.4.0_x86__e1rzdqpraam7r\AcrobatNotificationClient.exe' (pid 16728) cannot be restarted - Application SID does not match Conductor SID..
Advertencia,12/11/2024 10:57:24,Microsoft-Windows-RestartManager,10010,Ninguno,Application 'C:\Program Files\Microsoft Office\root\Office16\WINWORD.EXE' (pid 18612) cannot be restarted - Application SID does not match Conductor SID..
Advertencia,12/11/2024 10:57:24,Microsoft-Windows-RestartManager,10010,Ninguno,Application 'C:\Program Files\Google\Chrome\Application\chrome.exe' (pid 15872) cannot be restarted - Application SID does not match Conductor SID..
Advertencia,12/11/2024 10:57:24,Microsoft-Windows-RestartManager,10010,Ninguno,Application 'C:\Users\USUARIO\AppData\Local\Programs\Microsoft VS Code\Code.exe' (pid 13256) cannot be restarted - Application SID does not match Conductor SID..
Advertencia,12/11/2024 10:57:24,Microsoft-Windows-RestartManager,10010,Ninguno,Application 'C:\Windows\SystemApps\ShellExperienceHost_cw5n1h2txyewy\ShellExperienceHost.exe' (pid 11372) cannot be restarted - Application SID does not match Conductor SID..
Advertencia,12/11/2024 10:57:24,Microsoft-Windows-RestartManager,10010,Ninguno,Application 'C:\Windows\SystemApps\Microsoft.Windows.StartMenuExperienceHost_cw5n1h2txyewy\StartMenuExperienceHost.exe' (pid 10384) cannot be restarted - Application SID does not match Conductor SID..
Advertencia,12/11/2024 10:57:24,Microsoft-Windows-RestartManager,10010,Ninguno,Application 'C:\Windows\SystemApps\MicrosoftWindows.Client.CBS_cw5n1h2txyewy\SearchHost.exe' (pid 10376) cannot be restarted - Application SID does not match Conductor SID..
Advertencia,12/11/2024 10:57:24,Microsoft-Windows-RestartManager,10010,Ninguno,Application 'C:\Windows\explorer.exe' (pid 5076) cannot be restarted - Application SID does not match Conductor SID..
Advertencia,12/11/2024 10:57:24,Microsoft-Windows-RestartManager,10010,Ninguno,Application 'C:\Windows\System32\dwm.exe' (pid 1972) cannot be restarted - Application SID does not match Conductor SID..
Advertencia,12/11/2024 10:55:25,Microsoft-Windows-DistributedCOM,10016,Ninguno,"La configuración de permisos específico de la aplicación no concede el permiso Activación Local para la aplicación de servidor COM con CLSID 
{2593F8B9-4EAF-457C-B68A-50F6B8EA6B54}
 y APPID 
{15C20B67-12E7-4BB6-92BB-7AFF07997402}
 al usuario DESKTOP-J7297OU\USUARIO con SID (S-1-5-21-2406599888-185599422-2313661707-1001) en la dirección LocalHost (con LRPC) que se ejecuta en el contenedor de aplicaciones con SID No disponible (No disponible). Este permiso de seguridad se puede modificar mediante la herramienta administrativa Servicios de componentes."
Advertencia,12/11/2024 10:49:14,Microsoft-Windows-DistributedCOM,10016,Ninguno,"La configuración de permisos específico de la aplicación no concede el permiso Iniciar Local para la aplicación de servidor COM con CLSID 
Windows.SecurityCenter.WscBrokerManager
 y APPID 
No disponible
 al usuario NT AUTHORITY\SYSTEM con SID (S-1-5-18) en la dirección LocalHost (con LRPC) que se ejecuta en el contenedor de aplicaciones con SID No disponible (No disponible). Este permiso de seguridad se puede modificar mediante la herramienta administrativa Servicios de componentes."
Advertencia,12/11/2024 10:49:14,Microsoft-Windows-DistributedCOM,10016,Ninguno,"La configuración de permisos específico de la aplicación no concede el permiso Iniciar Local para la aplicación de servidor COM con CLSID 
Windows.SecurityCenter.WscDataProtection
 y APPID 
No disponible
 al usuario NT AUTHORITY\SYSTEM con SID (S-1-5-18) en la dirección LocalHost (con LRPC) que se ejecuta en el contenedor de aplicaciones con SID No disponible (No disponible). Este permiso de seguridad se puede modificar mediante la herramienta administrativa Servicios de componentes."
Advertencia,12/11/2024 10:49:14,Microsoft-Windows-DistributedCOM,10016,Ninguno,"La configuración de permisos específico de la aplicación no concede el permiso Iniciar Local para la aplicación de servidor COM con CLSID 
Windows.SecurityCenter.SecurityAppBroker
 y APPID 
No disponible
 al usuario NT AUTHORITY\SYSTEM con SID (S-1-5-18) en la dirección LocalHost (con LRPC) que se ejecuta en el contenedor de aplicaciones con SID No disponible (No disponible). Este permiso de seguridad se puede modificar mediante la herramienta administrativa Servicios de componentes."
Advertencia,12/11/2024 10:49:14,Microsoft-Windows-Security-SPP,1193,Ninguno,"Error al recopilar la información de PKEY correspondiente a la clave de producto del OEM:DM.
Error: 0xC004F050
Clave de producto: H3NPC-48JXB-8CYR6-MJDGF-4X8XC"
Error,12/11/2024 10:49:13,Service Control Manager,7009,Ninguno,Se agotó el tiempo de espera (30000 ms) para la conexión con el servicio Google Update Servicio (gupdate).
Error,12/11/2024 10:49:13,Service Control Manager,7000,Ninguno,"El servicio Google Update Servicio (gupdate) no pudo iniciarse debido al siguiente error: 
El servicio no respondió a tiempo a la solicitud de inicio o de control."
Advertencia,12/11/2024 10:46:59,Microsoft-Windows-WMI,63,Ninguno,"Un proveedor (IntelMEProv) se ha registrado en el espacio de nombres del Instrumental de administración de Windows, root\Intel_ME, para usar la cuenta LocalSystem. Esta cuenta tiene privilegios y el proveedor puede originar una infracción de seguridad si no suplanta correctamente las solicitudes de usuarios."
Advertencia,12/11/2024 10:46:59,Microsoft-Windows-WMI,63,Ninguno,"Un proveedor (IntelMEProv) se ha registrado en el espacio de nombres del Instrumental de administración de Windows, root\Intel_ME, para usar la cuenta LocalSystem. Esta cuenta tiene privilegios y el proveedor puede originar una infracción de seguridad si no suplanta correctamente las solicitudes de usuarios."
Advertencia,12/11/2024 10:46:59,Microsoft-Windows-WMI,63,Ninguno,"Un proveedor (IntelMEProv) se ha registrado en el espacio de nombres del Instrumental de administración de Windows, root\Intel_ME, para usar la cuenta LocalSystem. Esta cuenta tiene privilegios y el proveedor puede originar una infracción de seguridad si no suplanta correctamente las solicitudes de usuarios."
Advertencia,12/11/2024 10:46:57,vmauthd,1000,Ninguno,SSLConfigLoad: Failed to load OpenSSL config file.

Advertencia,12/11/2024 10:46:55,LsaSrv,6155,Ninguno,"El paquete LSA no está firmado como se esperaba. Esto puede provocar un comportamiento inesperado con Credential Guard.

PackageName: msv1_0"
Advertencia,12/11/2024 10:46:55,LsaSrv,6155,Ninguno,"El paquete LSA no está firmado como se esperaba. Esto puede provocar un comportamiento inesperado con Credential Guard.

PackageName: sfapm"
Advertencia,12/11/2024 10:46:55,LsaSrv,6155,Ninguno,"El paquete LSA no está firmado como se esperaba. Esto puede provocar un comportamiento inesperado con Credential Guard.

PackageName: schannel"
Advertencia,12/11/2024 10:46:55,LsaSrv,6155,Ninguno,"El paquete LSA no está firmado como se esperaba. Esto puede provocar un comportamiento inesperado con Credential Guard.

PackageName: wdigest"
Advertencia,12/11/2024 10:46:55,LsaSrv,6155,Ninguno,"El paquete LSA no está firmado como se esperaba. Esto puede provocar un comportamiento inesperado con Credential Guard.

PackageName: cloudap"
Advertencia,12/11/2024 10:46:55,LsaSrv,6155,Ninguno,"El paquete LSA no está firmado como se esperaba. Esto puede provocar un comportamiento inesperado con Credential Guard.

PackageName: pku2u"
Advertencia,12/11/2024 10:46:55,LsaSrv,6155,Ninguno,"El paquete LSA no está firmado como se esperaba. Esto puede provocar un comportamiento inesperado con Credential Guard.

PackageName: tspkg"
Advertencia,12/11/2024 10:46:55,LsaSrv,6155,Ninguno,"El paquete LSA no está firmado como se esperaba. Esto puede provocar un comportamiento inesperado con Credential Guard.

PackageName: msv1_0"
Advertencia,12/11/2024 10:46:55,LsaSrv,6155,Ninguno,"El paquete LSA no está firmado como se esperaba. Esto puede provocar un comportamiento inesperado con Credential Guard.

PackageName: kerberos"
Advertencia,12/11/2024 10:46:55,LsaSrv,6155,Ninguno,"El paquete LSA no está firmado como se esperaba. Esto puede provocar un comportamiento inesperado con Credential Guard.

PackageName: negoexts"
Advertencia,12/11/2024 10:46:54,Microsoft-Windows-Wininit,15,Ninguno,"Credential Guard y/o VBS Key Isolation están configurados, pero el kernel seguro no se está ejecutando. Continúa sin ellos."
Error,12/11/2024 10:46:04,Microsoft-Windows-DistributedCOM,10010,Ninguno,El servidor Microsoft.Windows.ContentDeliveryManager_10.0.22621.2506_neutral_neutral_cw5n1h2txyewy!App.AppXx4zfy1ffv3wctgdz2vypnybzjkh27jhw.mca no se registró con DCOM dentro del tiempo de espera requerido.
Error,12/11/2024 10:46:04,Microsoft-Windows-DistributedCOM,10010,Ninguno,El servidor Microsoft.Windows.ContentDeliveryManager_10.0.22621.2506_neutral_neutral_cw5n1h2txyewy!App.AppXx4zfy1ffv3wctgdz2vypnybzjkh27jhw.mca no se registró con DCOM dentro del tiempo de espera requerido.
Error,12/11/2024 10:46:03,Microsoft-Windows-DistributedCOM,10010,Ninguno,El servidor Microsoft.Windows.ContentDeliveryManager_10.0.22621.2506_neutral_neutral_cw5n1h2txyewy!App.AppXx4zfy1ffv3wctgdz2vypnybzjkh27jhw.mca no se registró con DCOM dentro del tiempo de espera requerido.
Error,12/11/2024 10:46:03,Microsoft-Windows-DistributedCOM,10010,Ninguno,El servidor Microsoft.Windows.ContentDeliveryManager_10.0.22621.2506_neutral_neutral_cw5n1h2txyewy!App.AppXx4zfy1ffv3wctgdz2vypnybzjkh27jhw.mca no se registró con DCOM dentro del tiempo de espera requerido.
Error,12/11/2024 10:46:03,Microsoft-Windows-DistributedCOM,10010,Ninguno,El servidor Microsoft.Windows.ContentDeliveryManager_10.0.22621.2506_neutral_neutral_cw5n1h2txyewy!App.AppXx4zfy1ffv3wctgdz2vypnybzjkh27jhw.mca no se registró con DCOM dentro del tiempo de espera requerido.
Error,12/11/2024 10:46:03,Microsoft-Windows-DistributedCOM,10010,Ninguno,El servidor Microsoft.Windows.ContentDeliveryManager_10.0.22621.2506_neutral_neutral_cw5n1h2txyewy!App.AppXx4zfy1ffv3wctgdz2vypnybzjkh27jhw.mca no se registró con DCOM dentro del tiempo de espera requerido.
Error,12/11/2024 10:46:03,Microsoft-Windows-DistributedCOM,10010,Ninguno,El servidor Microsoft.Windows.ContentDeliveryManager_10.0.22621.2506_neutral_neutral_cw5n1h2txyewy!App.AppXx4zfy1ffv3wctgdz2vypnybzjkh27jhw.mca no se registró con DCOM dentro del tiempo de espera requerido.
Error,12/11/2024 10:46:03,Microsoft-Windows-DistributedCOM,10010,Ninguno,El servidor Microsoft.Windows.ContentDeliveryManager_10.0.22621.2506_neutral_neutral_cw5n1h2txyewy!App.AppXx4zfy1ffv3wctgdz2vypnybzjkh27jhw.mca no se registró con DCOM dentro del tiempo de espera requerido.
Error,12/11/2024 10:46:02,Microsoft-Windows-DistributedCOM,10010,Ninguno,El servidor Microsoft.Windows.ContentDeliveryManager_10.0.22621.2506_neutral_neutral_cw5n1h2txyewy!App.AppXx4zfy1ffv3wctgdz2vypnybzjkh27jhw.mca no se registró con DCOM dentro del tiempo de espera requerido.
Error,12/11/2024 10:46:02,Microsoft-Windows-DistributedCOM,10010,Ninguno,El servidor Microsoft.Windows.ContentDeliveryManager_10.0.22621.2506_neutral_neutral_cw5n1h2txyewy!App.AppXx4zfy1ffv3wctgdz2vypnybzjkh27jhw.mca no se registró con DCOM dentro del tiempo de espera requerido.
Error,12/11/2024 10:46:02,Microsoft-Windows-DistributedCOM,10010,Ninguno,El servidor Microsoft.Windows.ContentDeliveryManager_10.0.22621.2506_neutral_neutral_cw5n1h2txyewy!App.AppXx4zfy1ffv3wctgdz2vypnybzjkh27jhw.mca no se registró con DCOM dentro del tiempo de espera requerido.
Advertencia,12/11/2024 10:44:21,Microsoft-Windows-Search,1008,Servicio de Search,El servicio de Windows Search se está iniciando y está intentando quitar el índice de búsqueda anterior {Razón: Index Version Upgrade}. 

Advertencia,12/11/2024 10:43:52,ESENT,643,(5),"svchost (9248,D,50) Unistore:  versión de orden de NLS no actualizada detectada en la base de datos 'C:\Users\USUARIO\AppData\Local\Comms\UnistoreDB\store.vol' para la configuración regional 'es-MX', versión de ordenación de índice: (SortId =0000002b-57ee-1e5c-00b4-d0000bb1e11e, version =0006030500060305), versión de ordenación actual: (SortId =0000002b-57ee-1e5c-00b4-d0000bb1e11e, version =0006040300060403). "
Advertencia,12/11/2024 10:43:52,ESENT,643,(5),"svchost (9248,D,50) Unistore:  versión de orden de NLS no actualizada detectada en la base de datos 'C:\Users\USUARIO\AppData\Local\Comms\UnistoreDB\store.vol' para la configuración regional 'en-US', versión de ordenación de índice: (SortId =00000001-57ee-1e5c-00b4-d0000bb1e11e, version =0006030500060305), versión de ordenación actual: (SortId =00000001-57ee-1e5c-00b4-d0000bb1e11e, version =0006040300060403). "
Advertencia,12/11/2024 10:43:50,ESENT,636,(1),"DllHost (8980,D,50) WebCacheLocal: Se eliminará el archivo de mapa de vaciado ""C:\Users\USUARIO\AppData\Local\Microsoft\Windows\WebCache\WebCacheV01.jfm"". Motivo: ReadHdrFailed."
Advertencia,12/11/2024 10:43:50,ESENT,640,(1),"DllHost (8980,D,50) WebCacheLocal: Error -1919 al validar la página de encabezado en el archivo de asignación de vaciado ""C:\Users\USUARIO\AppData\Local\Microsoft\Windows\WebCache\WebCacheV01.jfm"". Se invalidará el archivo de asignación de vaciado. 
Información adicional: [SignDbHdrFromDb:Create time:11/12/2024 15:43:50.445 Rand:1657510623 Computer:] [SignFmHdrFromDb:Create time:11/12/2024 15:43:50.444 Rand:74584333 Computer:] [SignDbHdrFromFm:Create time:11/12/2024 15:43:49.753 Rand:2182355427 Computer:] [SignFmHdrFromFm:Create time:11/12/2024 15:43:49.816 Rand:1064390109 Computer:]"
Advertencia,12/11/2024 10:43:49,ESENT,614,(5),"DllHost (8980,D,50) WebCacheLocal: Base de datos 'C:\Users\USUARIO\AppData\Local\Microsoft\Windows\WebCache\WebCacheV01.dat': el índice secundario 'PartitionIdIndex' de la tabla 'Containers' para la configuración regional 'en-US' local está desactualizado con respecto a la ordenación de las bibliotecas, versión de ordenación del índice: (SortId=00000001-57ee-1e5c-00b4-d0000bb1e11e, Version=0006030500060305), versión actual de la ordenación: (SortId=00000001-57ee-1e5c-00b4-d0000bb1e11e, Version=0006040300060403). Si se usa en este estado (es decir, sin recompilar), es posible que se dañe o que el daño se profundice aún más. Si no hay ningún evento posterior que muestre el índice que se está reconstruyendo, desfragmente la base de datos para reconstruirlo."
Advertencia,12/11/2024 10:43:49,ESENT,643,(5),"DllHost (8980,D,50) WebCacheLocal:  versión de orden de NLS no actualizada detectada en la base de datos 'C:\Users\USUARIO\AppData\Local\Microsoft\Windows\WebCache\WebCacheV01.dat' para la configuración regional 'en-US', versión de ordenación de índice: (SortId =00000001-57ee-1e5c-00b4-d0000bb1e11e, version =0006030500060305), versión de ordenación actual: (SortId =00000001-57ee-1e5c-00b4-d0000bb1e11e, version =0006040300060403). "
Error,12/11/2024 10:41:18,Service Control Manager,7009,Ninguno,Se agotó el tiempo de espera (30000 ms) para la conexión con el servicio Google Update Servicio (gupdate).
Error,12/11/2024 10:41:18,Service Control Manager,7000,Ninguno,"El servicio Google Update Servicio (gupdate) no pudo iniciarse debido al siguiente error: 
El servicio no respondió a tiempo a la solicitud de inicio o de control."
Advertencia,12/11/2024 10:39:16,Microsoft-Windows-WMI,63,Ninguno,"Un proveedor (IntelMEProv) se ha registrado en el espacio de nombres del Instrumental de administración de Windows, root\Intel_ME, para usar la cuenta LocalSystem. Esta cuenta tiene privilegios y el proveedor puede originar una infracción de seguridad si no suplanta correctamente las solicitudes de usuarios."
Advertencia,12/11/2024 10:39:16,Microsoft-Windows-WMI,63,Ninguno,"Un proveedor (IntelMEProv) se ha registrado en el espacio de nombres del Instrumental de administración de Windows, root\Intel_ME, para usar la cuenta LocalSystem. Esta cuenta tiene privilegios y el proveedor puede originar una infracción de seguridad si no suplanta correctamente las solicitudes de usuarios."
Advertencia,12/11/2024 10:39:16,Microsoft-Windows-WMI,63,Ninguno,"Un proveedor (IntelMEProv) se ha registrado en el espacio de nombres del Instrumental de administración de Windows, root\Intel_ME, para usar la cuenta LocalSystem. Esta cuenta tiene privilegios y el proveedor puede originar una infracción de seguridad si no suplanta correctamente las solicitudes de usuarios."
Advertencia,12/11/2024 10:39:15,vmauthd,1000,Ninguno,SSLConfigLoad: Failed to load OpenSSL config file.

Advertencia,12/11/2024 10:39:10,LsaSrv,6155,Ninguno,"El paquete LSA no está firmado como se esperaba. Esto puede provocar un comportamiento inesperado con Credential Guard.

PackageName: msv1_0"
Advertencia,12/11/2024 10:39:10,LsaSrv,6155,Ninguno,"El paquete LSA no está firmado como se esperaba. Esto puede provocar un comportamiento inesperado con Credential Guard.

PackageName: sfapm"
Advertencia,12/11/2024 10:39:10,LsaSrv,6155,Ninguno,"El paquete LSA no está firmado como se esperaba. Esto puede provocar un comportamiento inesperado con Credential Guard.

PackageName: schannel"
Advertencia,12/11/2024 10:39:10,LsaSrv,6155,Ninguno,"El paquete LSA no está firmado como se esperaba. Esto puede provocar un comportamiento inesperado con Credential Guard.

PackageName: wdigest"
Advertencia,12/11/2024 10:39:10,LsaSrv,6155,Ninguno,"El paquete LSA no está firmado como se esperaba. Esto puede provocar un comportamiento inesperado con Credential Guard.

PackageName: cloudap"
Advertencia,12/11/2024 10:39:10,LsaSrv,6155,Ninguno,"El paquete LSA no está firmado como se esperaba. Esto puede provocar un comportamiento inesperado con Credential Guard.

PackageName: pku2u"
Advertencia,12/11/2024 10:39:10,LsaSrv,6155,Ninguno,"El paquete LSA no está firmado como se esperaba. Esto puede provocar un comportamiento inesperado con Credential Guard.

PackageName: tspkg"
Advertencia,12/11/2024 10:39:10,LsaSrv,6155,Ninguno,"El paquete LSA no está firmado como se esperaba. Esto puede provocar un comportamiento inesperado con Credential Guard.

PackageName: msv1_0"
Advertencia,12/11/2024 10:39:10,LsaSrv,6155,Ninguno,"El paquete LSA no está firmado como se esperaba. Esto puede provocar un comportamiento inesperado con Credential Guard.

PackageName: kerberos"
Advertencia,12/11/2024 10:39:10,LsaSrv,6155,Ninguno,"El paquete LSA no está firmado como se esperaba. Esto puede provocar un comportamiento inesperado con Credential Guard.

PackageName: negoexts"
Advertencia,12/11/2024 10:39:10,Microsoft-Windows-Wininit,15,Ninguno,"Credential Guard y/o VBS Key Isolation están configurados, pero el kernel seguro no se está ejecutando. Continúa sin ellos."
Advertencia,12/11/2024 10:37:14,Microsoft-Windows-User Profiles Service,1534,Ninguno,"Error en la notificación de perfil del evento Create para el componente {D63AA156-D534-4BAC-9BF1-55359CF5EC30}; el código de error es See Tracelogging for error details. 

"
Advertencia,12/11/2024 10:37:14,Microsoft-Windows-User Profiles Service,1534,Ninguno,"Error en la notificación de perfil del evento Create para el componente {D63AA156-D534-4BAC-9BF1-55359CF5EC30}; el código de error es See Tracelogging for error details. 

"
Advertencia,12/11/2024 10:36:47,Microsoft-Windows-WMI,63,Ninguno,"Un proveedor (IntelMEProv) se ha registrado en el espacio de nombres del Instrumental de administración de Windows, root\Intel_ME, para usar la cuenta LocalSystem. Esta cuenta tiene privilegios y el proveedor puede originar una infracción de seguridad si no suplanta correctamente las solicitudes de usuarios."
Advertencia,12/11/2024 10:36:47,Microsoft-Windows-WMI,63,Ninguno,"Un proveedor (IntelMEProv) se ha registrado en el espacio de nombres del Instrumental de administración de Windows, root\Intel_ME, para usar la cuenta LocalSystem. Esta cuenta tiene privilegios y el proveedor puede originar una infracción de seguridad si no suplanta correctamente las solicitudes de usuarios."
Advertencia,12/11/2024 10:36:47,Microsoft-Windows-WMI,63,Ninguno,"Un proveedor (IntelMEProv) se ha registrado en el espacio de nombres del Instrumental de administración de Windows, root\Intel_ME, para usar la cuenta LocalSystem. Esta cuenta tiene privilegios y el proveedor puede originar una infracción de seguridad si no suplanta correctamente las solicitudes de usuarios."
Advertencia,12/11/2024 10:36:47,Microsoft-Windows-WMI,63,Ninguno,"Un proveedor (IntelMEProv) se ha registrado en el espacio de nombres del Instrumental de administración de Windows, root\Intel_ME, para usar la cuenta LocalSystem. Esta cuenta tiene privilegios y el proveedor puede originar una infracción de seguridad si no suplanta correctamente las solicitudes de usuarios."
Advertencia,12/11/2024 10:36:47,Microsoft-Windows-WMI,63,Ninguno,"Un proveedor (IntelMEProv) se ha registrado en el espacio de nombres del Instrumental de administración de Windows, root\Intel_ME, para usar la cuenta LocalSystem. Esta cuenta tiene privilegios y el proveedor puede originar una infracción de seguridad si no suplanta correctamente las solicitudes de usuarios."
Advertencia,12/11/2024 10:36:47,Microsoft-Windows-WMI,63,Ninguno,"Un proveedor (IntelMEProv) se ha registrado en el espacio de nombres del Instrumental de administración de Windows, root\Intel_ME, para usar la cuenta LocalSystem. Esta cuenta tiene privilegios y el proveedor puede originar una infracción de seguridad si no suplanta correctamente las solicitudes de usuarios."
