Error,14/11/2024 16:04:05,RtlWlanu,5003,Ninguno,TP-Link Wireless USB Adapter #2 : no se pudo encontrar un adaptador de red.
Crítico,14/11/2024 16:04:01,Microsoft-Windows-Kernel-Power,41,(63),"Se reinició el sistema sin apagarlo limpiamente primero. Este error puede producirse si el sistema dejó de responder, se bloqueó o se interrumpió el suministro eléctrico de forma inesperada."
Advertencia,14/11/2024 11:01:15,e1dexpress,27,Ninguno,"Intel(R) Ethernet Connection (2) I219-LM
 Network link is disconnected.
"
Advertencia,14/11/2024 11:00:59,e1dexpress,27,Ninguno,"Intel(R) Ethernet Connection (2) I219-LM
 Network link is disconnected.
"
Advertencia,14/11/2024 11:00:56,e1dexpress,27,Ninguno,"Intel(R) Ethernet Connection (2) I219-LM
 Network link is disconnected.
"
Advertencia,14/11/2024 11:00:26,e1dexpress,27,Ninguno,"Intel(R) Ethernet Connection (2) I219-LM
 Network link is disconnected.
"
Advertencia,14/11/2024 11:00:23,e1dexpress,27,Ninguno,"Intel(R) Ethernet Connection (2) I219-LM
 Network link is disconnected.
"
Advertencia,14/11/2024 11:00:21,e1dexpress,27,Ninguno,"Intel(R) Ethernet Connection (2) I219-LM
 Network link is disconnected.
"
Advertencia,14/11/2024 11:00:01,e1dexpress,27,Ninguno,"Intel(R) Ethernet Connection (2) I219-LM
 Network link is disconnected.
"
Advertencia,14/11/2024 10:59:59,e1dexpress,27,Ninguno,"Intel(R) Ethernet Connection (2) I219-LM
 Network link is disconnected.
"
Advertencia,14/11/2024 10:59:45,e1dexpress,27,Ninguno,"Intel(R) Ethernet Connection (2) I219-LM
 Network link is disconnected.
"
Advertencia,14/11/2024 10:59:43,e1dexpress,27,Ninguno,"Intel(R) Ethernet Connection (2) I219-LM
 Network link is disconnected.
"
Advertencia,14/11/2024 10:59:40,e1dexpress,27,Ninguno,"Intel(R) Ethernet Connection (2) I219-LM
 Network link is disconnected.
"
Advertencia,14/11/2024 10:59:24,e1dexpress,27,Ninguno,"Intel(R) Ethernet Connection (2) I219-LM
 Network link is disconnected.
"
Advertencia,14/11/2024 10:59:01,e1dexpress,27,Ninguno,"Intel(R) Ethernet Connection (2) I219-LM
 Network link is disconnected.
"
Advertencia,14/11/2024 10:58:41,e1dexpress,27,Ninguno,"Intel(R) Ethernet Connection (2) I219-LM
 Network link is disconnected.
"
Advertencia,14/11/2024 10:58:39,e1dexpress,27,Ninguno,"Intel(R) Ethernet Connection (2) I219-LM
 Network link is disconnected.
"
Advertencia,14/11/2024 10:58:19,e1dexpress,27,Ninguno,"Intel(R) Ethernet Connection (2) I219-LM
 Network link is disconnected.
"
Advertencia,14/11/2024 10:58:06,e1dexpress,27,Ninguno,"Intel(R) Ethernet Connection (2) I219-LM
 Network link is disconnected.
"
Advertencia,14/11/2024 10:58:03,e1dexpress,27,Ninguno,"Intel(R) Ethernet Connection (2) I219-LM
 Network link is disconnected.
"
Advertencia,14/11/2024 10:58:01,e1dexpress,27,Ninguno,"Intel(R) Ethernet Connection (2) I219-LM
 Network link is disconnected.
"
Advertencia,14/11/2024 10:57:41,e1dexpress,27,Ninguno,"Intel(R) Ethernet Connection (2) I219-LM
 Network link is disconnected.
"
Advertencia,14/11/2024 10:57:39,e1dexpress,27,Ninguno,"Intel(R) Ethernet Connection (2) I219-LM
 Network link is disconnected.
"
Advertencia,14/11/2024 10:57:11,e1dexpress,27,Ninguno,"Intel(R) Ethernet Connection (2) I219-LM
 Network link is disconnected.
"
Advertencia,14/11/2024 10:56:42,e1dexpress,27,Ninguno,"Intel(R) Ethernet Connection (2) I219-LM
 Network link is disconnected.
"
Advertencia,14/11/2024 10:56:23,e1dexpress,27,Ninguno,"Intel(R) Ethernet Connection (2) I219-LM
 Network link is disconnected.
"
Advertencia,14/11/2024 10:56:21,e1dexpress,27,Ninguno,"Intel(R) Ethernet Connection (2) I219-LM
 Network link is disconnected.
"
Advertencia,14/11/2024 10:56:04,Microsoft-Windows-DNS-Client,1014,(1014),La resolución de nombres para el nombre ecs.office.com agotó el tiempo de espera después de que ninguno de los servidores DNS configurados respondiera. PID de cliente 4840.
Advertencia,14/11/2024 10:55:53,e1dexpress,27,Ninguno,"Intel(R) Ethernet Connection (2) I219-LM
 Network link is disconnected.
"
Advertencia,14/11/2024 10:55:51,e1dexpress,27,Ninguno,"Intel(R) Ethernet Connection (2) I219-LM
 Network link is disconnected.
"
Advertencia,14/11/2024 10:55:34,e1dexpress,27,Ninguno,"Intel(R) Ethernet Connection (2) I219-LM
 Network link is disconnected.
"
Advertencia,14/11/2024 10:55:12,e1dexpress,27,Ninguno,"Intel(R) Ethernet Connection (2) I219-LM
 Network link is disconnected.
"
Advertencia,14/11/2024 10:55:10,e1dexpress,27,Ninguno,"Intel(R) Ethernet Connection (2) I219-LM
 Network link is disconnected.
"
Advertencia,14/11/2024 10:55:07,e1dexpress,27,Ninguno,"Intel(R) Ethernet Connection (2) I219-LM
 Network link is disconnected.
"
Advertencia,14/11/2024 10:52:42,e1dexpress,27,Ninguno,"Intel(R) Ethernet Connection (2) I219-LM
 Network link is disconnected.
"
Advertencia,14/11/2024 10:52:40,e1dexpress,27,Ninguno,"Intel(R) Ethernet Connection (2) I219-LM
 Network link is disconnected.
"
Advertencia,14/11/2024 10:51:06,Microsoft-Windows-Time-Service,134,Ninguno,"NtpClient no pudo establecer un sistema del mismo nivel manual para usar como origen de la hora debido a un error de resolución de DNS en 'time.windows.com,0x9'. NtpClient lo intentará de nuevo dentro de 15 minutos y doblará el intervalo de reintento en adelante. Error: Host desconocido. (0x80072AF9)"
Advertencia,14/11/2024 10:51:05,Microsoft-Windows-Time-Service,134,Ninguno,"NtpClient no pudo establecer un sistema del mismo nivel manual para usar como origen de la hora debido a un error de resolución de DNS en 'time.windows.com,0x9'. NtpClient lo intentará de nuevo dentro de 15 minutos y doblará el intervalo de reintento en adelante. Error: Host desconocido. (0x80072AF9)"
Advertencia,14/11/2024 10:49:51,Microsoft-Windows-DNS-Client,1014,(1014),La resolución de nombres para el nombre mobile.events.data.microsoft.com agotó el tiempo de espera después de que ninguno de los servidores DNS configurados respondiera. PID de cliente 4840.
Advertencia,14/11/2024 10:49:39,e1dexpress,27,Ninguno,"Intel(R) Ethernet Connection (2) I219-LM
 Network link is disconnected.
"
Advertencia,14/11/2024 10:49:37,e1dexpress,27,Ninguno,"Intel(R) Ethernet Connection (2) I219-LM
 Network link is disconnected.
"
Advertencia,14/11/2024 10:49:34,e1dexpress,27,Ninguno,"Intel(R) Ethernet Connection (2) I219-LM
 Network link is disconnected.
"
Advertencia,14/11/2024 10:46:34,e1dexpress,27,Ninguno,"Intel(R) Ethernet Connection (2) I219-LM
 Network link is disconnected.
"
Advertencia,14/11/2024 10:43:56,e1dexpress,27,Ninguno,"Intel(R) Ethernet Connection (2) I219-LM
 Network link is disconnected.
"
Advertencia,14/11/2024 10:43:16,e1dexpress,27,Ninguno,"Intel(R) Ethernet Connection (2) I219-LM
 Network link is disconnected.
"
Advertencia,14/11/2024 10:43:14,e1dexpress,27,Ninguno,"Intel(R) Ethernet Connection (2) I219-LM
 Network link is disconnected.
"
Advertencia,14/11/2024 10:42:31,Microsoft-Windows-DNS-Client,1014,(1014),La resolución de nombres para el nombre boot.net.anydesk.com agotó el tiempo de espera después de que ninguno de los servidores DNS configurados respondiera. PID de cliente 4524.
Advertencia,14/11/2024 10:42:20,e1dexpress,27,Ninguno,"Intel(R) Ethernet Connection (2) I219-LM
 Network link is disconnected.
"
Advertencia,14/11/2024 10:41:22,e1dexpress,27,Ninguno,"Intel(R) Ethernet Connection (2) I219-LM
 Network link is disconnected.
"
Advertencia,14/11/2024 10:40:48,e1dexpress,27,Ninguno,"Intel(R) Ethernet Connection (2) I219-LM
 Network link is disconnected.
"
Advertencia,14/11/2024 10:39:38,e1dexpress,27,Ninguno,"Intel(R) Ethernet Connection (2) I219-LM
 Network link is disconnected.
"
Advertencia,14/11/2024 10:38:59,e1dexpress,27,Ninguno,"Intel(R) Ethernet Connection (2) I219-LM
 Network link is disconnected.
"
Advertencia,14/11/2024 10:37:22,e1dexpress,27,Ninguno,"Intel(R) Ethernet Connection (2) I219-LM
 Network link is disconnected.
"
Advertencia,14/11/2024 10:37:20,e1dexpress,27,Ninguno,"Intel(R) Ethernet Connection (2) I219-LM
 Network link is disconnected.
"
Advertencia,14/11/2024 10:36:39,e1dexpress,27,Ninguno,"Intel(R) Ethernet Connection (2) I219-LM
 Network link is disconnected.
"
Advertencia,14/11/2024 10:36:36,e1dexpress,27,Ninguno,"Intel(R) Ethernet Connection (2) I219-LM
 Network link is disconnected.
"
Advertencia,14/11/2024 10:35:09,e1dexpress,27,Ninguno,"Intel(R) Ethernet Connection (2) I219-LM
 Network link is disconnected.
"
Advertencia,14/11/2024 10:34:13,e1dexpress,27,Ninguno,"Intel(R) Ethernet Connection (2) I219-LM
 Network link is disconnected.
"
Advertencia,14/11/2024 10:32:38,e1dexpress,27,Ninguno,"Intel(R) Ethernet Connection (2) I219-LM
 Network link is disconnected.
"
Advertencia,14/11/2024 10:32:35,e1dexpress,27,Ninguno,"Intel(R) Ethernet Connection (2) I219-LM
 Network link is disconnected.
"
Advertencia,14/11/2024 10:32:33,e1dexpress,27,Ninguno,"Intel(R) Ethernet Connection (2) I219-LM
 Network link is disconnected.
"
Advertencia,14/11/2024 10:31:57,e1dexpress,27,Ninguno,"Intel(R) Ethernet Connection (2) I219-LM
 Network link is disconnected.
"
Advertencia,14/11/2024 10:31:54,e1dexpress,27,Ninguno,"Intel(R) Ethernet Connection (2) I219-LM
 Network link is disconnected.
"
Advertencia,14/11/2024 10:31:33,e1dexpress,27,Ninguno,"Intel(R) Ethernet Connection (2) I219-LM
 Network link is disconnected.
"
Advertencia,14/11/2024 10:29:36,e1dexpress,27,Ninguno,"Intel(R) Ethernet Connection (2) I219-LM
 Network link is disconnected.
"
Advertencia,14/11/2024 10:28:53,e1dexpress,27,Ninguno,"Intel(R) Ethernet Connection (2) I219-LM
 Network link is disconnected.
"
Advertencia,14/11/2024 10:26:16,e1dexpress,27,Ninguno,"Intel(R) Ethernet Connection (2) I219-LM
 Network link is disconnected.
"
Advertencia,14/11/2024 10:26:14,e1dexpress,27,Ninguno,"Intel(R) Ethernet Connection (2) I219-LM
 Network link is disconnected.
"
Advertencia,14/11/2024 10:26:11,e1dexpress,27,Ninguno,"Intel(R) Ethernet Connection (2) I219-LM
 Network link is disconnected.
"
Advertencia,14/11/2024 10:24:29,e1dexpress,27,Ninguno,"Intel(R) Ethernet Connection (2) I219-LM
 Network link is disconnected.
"
Advertencia,14/11/2024 10:24:04,e1dexpress,27,Ninguno,"Intel(R) Ethernet Connection (2) I219-LM
 Network link is disconnected.
"
Advertencia,14/11/2024 10:24:02,e1dexpress,27,Ninguno,"Intel(R) Ethernet Connection (2) I219-LM
 Network link is disconnected.
"
Advertencia,14/11/2024 10:23:59,e1dexpress,27,Ninguno,"Intel(R) Ethernet Connection (2) I219-LM
 Network link is disconnected.
"
Advertencia,14/11/2024 10:22:51,e1dexpress,27,Ninguno,"Intel(R) Ethernet Connection (2) I219-LM
 Network link is disconnected.
"
Advertencia,14/11/2024 10:22:18,e1dexpress,27,Ninguno,"Intel(R) Ethernet Connection (2) I219-LM
 Network link is disconnected.
"
Advertencia,14/11/2024 10:21:48,e1dexpress,27,Ninguno,"Intel(R) Ethernet Connection (2) I219-LM
 Network link is disconnected.
"
Advertencia,14/11/2024 10:21:45,e1dexpress,27,Ninguno,"Intel(R) Ethernet Connection (2) I219-LM
 Network link is disconnected.
"
Advertencia,14/11/2024 10:20:56,e1dexpress,27,Ninguno,"Intel(R) Ethernet Connection (2) I219-LM
 Network link is disconnected.
"
Advertencia,14/11/2024 10:20:39,e1dexpress,27,Ninguno,"Intel(R) Ethernet Connection (2) I219-LM
 Network link is disconnected.
"
Advertencia,14/11/2024 10:20:37,e1dexpress,27,Ninguno,"Intel(R) Ethernet Connection (2) I219-LM
 Network link is disconnected.
"
Advertencia,14/11/2024 10:20:34,e1dexpress,27,Ninguno,"Intel(R) Ethernet Connection (2) I219-LM
 Network link is disconnected.
"
Advertencia,14/11/2024 10:19:49,e1dexpress,27,Ninguno,"Intel(R) Ethernet Connection (2) I219-LM
 Network link is disconnected.
"
Advertencia,14/11/2024 10:19:46,e1dexpress,27,Ninguno,"Intel(R) Ethernet Connection (2) I219-LM
 Network link is disconnected.
"
Advertencia,14/11/2024 10:18:25,e1dexpress,27,Ninguno,"Intel(R) Ethernet Connection (2) I219-LM
 Network link is disconnected.
"
Advertencia,14/11/2024 10:18:23,e1dexpress,27,Ninguno,"Intel(R) Ethernet Connection (2) I219-LM
 Network link is disconnected.
"
Advertencia,14/11/2024 10:17:30,e1dexpress,27,Ninguno,"Intel(R) Ethernet Connection (2) I219-LM
 Network link is disconnected.
"
Advertencia,14/11/2024 10:17:11,e1dexpress,27,Ninguno,"Intel(R) Ethernet Connection (2) I219-LM
 Network link is disconnected.
"
Advertencia,14/11/2024 10:17:09,e1dexpress,27,Ninguno,"Intel(R) Ethernet Connection (2) I219-LM
 Network link is disconnected.
"
Advertencia,14/11/2024 10:17:06,e1dexpress,27,Ninguno,"Intel(R) Ethernet Connection (2) I219-LM
 Network link is disconnected.
"
Advertencia,14/11/2024 10:16:27,Microsoft-Windows-DNS-Client,1014,(1014),La resolución de nombres para el nombre settings-win.data.microsoft.com agotó el tiempo de espera después de que ninguno de los servidores DNS configurados respondiera. PID de cliente 13172.
Advertencia,14/11/2024 10:16:16,e1dexpress,27,Ninguno,"Intel(R) Ethernet Connection (2) I219-LM
 Network link is disconnected.
"
Advertencia,14/11/2024 10:15:25,e1dexpress,27,Ninguno,"Intel(R) Ethernet Connection (2) I219-LM
 Network link is disconnected.
"
Advertencia,14/11/2024 10:15:22,e1dexpress,27,Ninguno,"Intel(R) Ethernet Connection (2) I219-LM
 Network link is disconnected.
"
Advertencia,14/11/2024 10:14:03,e1dexpress,27,Ninguno,"Intel(R) Ethernet Connection (2) I219-LM
 Network link is disconnected.
"
Advertencia,14/11/2024 10:14:01,e1dexpress,27,Ninguno,"Intel(R) Ethernet Connection (2) I219-LM
 Network link is disconnected.
"
Advertencia,14/11/2024 10:12:05,e1dexpress,27,Ninguno,"Intel(R) Ethernet Connection (2) I219-LM
 Network link is disconnected.
"
Advertencia,14/11/2024 10:12:02,e1dexpress,27,Ninguno,"Intel(R) Ethernet Connection (2) I219-LM
 Network link is disconnected.
"
Advertencia,14/11/2024 10:11:54,Microsoft-Windows-DNS-Client,1014,(1014),La resolución de nombres para el nombre boot.net.anydesk.com agotó el tiempo de espera después de que ninguno de los servidores DNS configurados respondiera. PID de cliente 4524.
Advertencia,14/11/2024 10:11:43,e1dexpress,27,Ninguno,"Intel(R) Ethernet Connection (2) I219-LM
 Network link is disconnected.
"
Advertencia,14/11/2024 10:11:41,e1dexpress,27,Ninguno,"Intel(R) Ethernet Connection (2) I219-LM
 Network link is disconnected.
"
Advertencia,14/11/2024 10:11:38,e1dexpress,27,Ninguno,"Intel(R) Ethernet Connection (2) I219-LM
 Network link is disconnected.
"
Advertencia,14/11/2024 10:10:43,e1dexpress,27,Ninguno,"Intel(R) Ethernet Connection (2) I219-LM
 Network link is disconnected.
"
Advertencia,14/11/2024 10:10:40,e1dexpress,27,Ninguno,"Intel(R) Ethernet Connection (2) I219-LM
 Network link is disconnected.
"
Advertencia,14/11/2024 8:51:20,ESENT,643,(5),"svchost (9328,D,50) Unistore:  versión de orden de NLS no actualizada detectada en la base de datos 'C:\Users\Invitado1\AppData\Local\Comms\UnistoreDB\store.vol' para la configuración regional 'es-MX', versión de ordenación de índice: (SortId =0000002b-57ee-1e5c-00b4-d0000bb1e11e, version =0006030500060305), versión de ordenación actual: (SortId =0000002b-57ee-1e5c-00b4-d0000bb1e11e, version =0006040300060403). "
Advertencia,14/11/2024 8:51:20,ESENT,643,(5),"svchost (9328,D,50) Unistore:  versión de orden de NLS no actualizada detectada en la base de datos 'C:\Users\Invitado1\AppData\Local\Comms\UnistoreDB\store.vol' para la configuración regional 'en-US', versión de ordenación de índice: (SortId =00000001-57ee-1e5c-00b4-d0000bb1e11e, version =0006030500060305), versión de ordenación actual: (SortId =00000001-57ee-1e5c-00b4-d0000bb1e11e, version =0006040300060403). "
Advertencia,14/11/2024 8:51:18,e1dexpress,27,Ninguno,"Intel(R) Ethernet Connection (2) I219-LM
 Network link is disconnected.
"
Advertencia,14/11/2024 8:51:18,ESENT,636,(1),"taskhostw (7032,D,50) WebCacheLocal: Se eliminará el archivo de mapa de vaciado ""C:\Users\Invitado1\AppData\Local\Microsoft\Windows\WebCache\WebCacheV01.jfm"". Motivo: ReadHdrFailed."
Advertencia,14/11/2024 8:51:18,ESENT,640,(1),"taskhostw (7032,D,50) WebCacheLocal: Error -1919 al validar la página de encabezado en el archivo de asignación de vaciado ""C:\Users\Invitado1\AppData\Local\Microsoft\Windows\WebCache\WebCacheV01.jfm"". Se invalidará el archivo de asignación de vaciado. 
Información adicional: [SignDbHdrFromDb:Create time:11/14/2024 13:51:18.215 Rand:3144598780 Computer:] [SignFmHdrFromDb:Create time:11/14/2024 13:51:18.214 Rand:368193757 Computer:] [SignDbHdrFromFm:Create time:11/14/2024 13:51:17.896 Rand:860120686 Computer:] [SignFmHdrFromFm:Create time:11/14/2024 13:51:17.902 Rand:3256898417 Computer:]"
Advertencia,14/11/2024 8:51:17,ESENT,614,(5),"taskhostw (7032,D,50) WebCacheLocal: Base de datos 'C:\Users\Invitado1\AppData\Local\Microsoft\Windows\WebCache\WebCacheV01.dat': el índice secundario 'PartitionIdIndex' de la tabla 'Containers' para la configuración regional 'en-US' local está desactualizado con respecto a la ordenación de las bibliotecas, versión de ordenación del índice: (SortId=00000001-57ee-1e5c-00b4-d0000bb1e11e, Version=0006030500060305), versión actual de la ordenación: (SortId=00000001-57ee-1e5c-00b4-d0000bb1e11e, Version=0006040300060403). Si se usa en este estado (es decir, sin recompilar), es posible que se dañe o que el daño se profundice aún más. Si no hay ningún evento posterior que muestre el índice que se está reconstruyendo, desfragmente la base de datos para reconstruirlo."
Advertencia,14/11/2024 8:51:17,ESENT,643,(5),"taskhostw (7032,D,50) WebCacheLocal:  versión de orden de NLS no actualizada detectada en la base de datos 'C:\Users\Invitado1\AppData\Local\Microsoft\Windows\WebCache\WebCacheV01.dat' para la configuración regional 'en-US', versión de ordenación de índice: (SortId =00000001-57ee-1e5c-00b4-d0000bb1e11e, version =0006030500060305), versión de ordenación actual: (SortId =00000001-57ee-1e5c-00b4-d0000bb1e11e, version =0006040300060403). "
Advertencia,14/11/2024 8:51:15,e1dexpress,27,Ninguno,"Intel(R) Ethernet Connection (2) I219-LM
 Network link is disconnected.
"
Advertencia,14/11/2024 8:50:38,e1dexpress,27,Ninguno,"Intel(R) Ethernet Connection (2) I219-LM
 Network link is disconnected.
"
Advertencia,14/11/2024 8:50:35,e1dexpress,27,Ninguno,"Intel(R) Ethernet Connection (2) I219-LM
 Network link is disconnected.
"
Advertencia,14/11/2024 8:48:28,e1dexpress,27,Ninguno,"Intel(R) Ethernet Connection (2) I219-LM
 Network link is disconnected.
"
Advertencia,14/11/2024 8:48:26,e1dexpress,27,Ninguno,"Intel(R) Ethernet Connection (2) I219-LM
 Network link is disconnected.
"
Advertencia,14/11/2024 8:47:51,e1dexpress,27,Ninguno,"Intel(R) Ethernet Connection (2) I219-LM
 Network link is disconnected.
"
Advertencia,14/11/2024 8:47:48,e1dexpress,27,Ninguno,"Intel(R) Ethernet Connection (2) I219-LM
 Network link is disconnected.
"
Advertencia,14/11/2024 8:47:35,e1dexpress,27,Ninguno,"Intel(R) Ethernet Connection (2) I219-LM
 Network link is disconnected.
"
Advertencia,14/11/2024 8:47:32,e1dexpress,27,Ninguno,"Intel(R) Ethernet Connection (2) I219-LM
 Network link is disconnected.
"
Advertencia,14/11/2024 8:47:30,e1dexpress,27,Ninguno,"Intel(R) Ethernet Connection (2) I219-LM
 Network link is disconnected.
"
Advertencia,14/11/2024 8:46:54,e1dexpress,27,Ninguno,"Intel(R) Ethernet Connection (2) I219-LM
 Network link is disconnected.
"
Advertencia,14/11/2024 8:45:53,e1dexpress,27,Ninguno,"Intel(R) Ethernet Connection (2) I219-LM
 Network link is disconnected.
"
Advertencia,14/11/2024 8:45:50,e1dexpress,27,Ninguno,"Intel(R) Ethernet Connection (2) I219-LM
 Network link is disconnected.
"
Advertencia,14/11/2024 8:45:48,e1dexpress,27,Ninguno,"Intel(R) Ethernet Connection (2) I219-LM
 Network link is disconnected.
"
Advertencia,14/11/2024 8:45:20,e1dexpress,27,Ninguno,"Intel(R) Ethernet Connection (2) I219-LM
 Network link is disconnected.
"
Advertencia,14/11/2024 8:44:53,e1dexpress,27,Ninguno,"Intel(R) Ethernet Connection (2) I219-LM
 Network link is disconnected.
"
Advertencia,14/11/2024 8:44:51,e1dexpress,27,Ninguno,"Intel(R) Ethernet Connection (2) I219-LM
 Network link is disconnected.
"
Advertencia,14/11/2024 8:44:12,e1dexpress,27,Ninguno,"Intel(R) Ethernet Connection (2) I219-LM
 Network link is disconnected.
"
Advertencia,14/11/2024 8:43:40,e1dexpress,27,Ninguno,"Intel(R) Ethernet Connection (2) I219-LM
 Network link is disconnected.
"
Advertencia,14/11/2024 8:43:34,e1dexpress,27,Ninguno,"Intel(R) Ethernet Connection (2) I219-LM
 Network link is disconnected.
"
Advertencia,14/11/2024 8:43:06,e1dexpress,27,Ninguno,"Intel(R) Ethernet Connection (2) I219-LM
 Network link is disconnected.
"
Advertencia,14/11/2024 8:43:04,e1dexpress,27,Ninguno,"Intel(R) Ethernet Connection (2) I219-LM
 Network link is disconnected.
"
Advertencia,14/11/2024 8:42:20,e1dexpress,27,Ninguno,"Intel(R) Ethernet Connection (2) I219-LM
 Network link is disconnected.
"
Advertencia,14/11/2024 8:41:00,e1dexpress,27,Ninguno,"Intel(R) Ethernet Connection (2) I219-LM
 Network link is disconnected.
"
Advertencia,14/11/2024 8:40:58,e1dexpress,27,Ninguno,"Intel(R) Ethernet Connection (2) I219-LM
 Network link is disconnected.
"
Advertencia,14/11/2024 8:40:44,e1dexpress,27,Ninguno,"Intel(R) Ethernet Connection (2) I219-LM
 Network link is disconnected.
"
Advertencia,14/11/2024 6:04:05,Microsoft-Windows-DNS-Client,1014,(1014),La resolución de nombres para el nombre nexusrules.officeapps.live.com agotó el tiempo de espera después de que ninguno de los servidores DNS configurados respondiera. PID de cliente 4588.
Advertencia,14/11/2024 4:03:31,Microsoft-Windows-DistributedCOM,10016,Ninguno,"La configuración de permisos específico de la aplicación no concede el permiso Iniciar Local para la aplicación de servidor COM con CLSID 
Windows.SecurityCenter.WscDataProtection
 y APPID 
No disponible
 al usuario NT AUTHORITY\SYSTEM con SID (S-1-5-18) en la dirección LocalHost (con LRPC) que se ejecuta en el contenedor de aplicaciones con SID No disponible (No disponible). Este permiso de seguridad se puede modificar mediante la herramienta administrativa Servicios de componentes."
Error,14/11/2024 4:03:28,Service Control Manager,7009,Ninguno,Se agotó el tiempo de espera (30000 ms) para la conexión con el servicio Google Update Servicio (gupdate).
Error,14/11/2024 4:03:28,Service Control Manager,7000,Ninguno,"El servicio Google Update Servicio (gupdate) no pudo iniciarse debido al siguiente error: 
El servicio no respondió a tiempo a la solicitud de inicio o de control."
Advertencia,14/11/2024 4:01:26,Microsoft-Windows-WMI,63,Ninguno,"Un proveedor (IntelMEProv) se ha registrado en el espacio de nombres del Instrumental de administración de Windows, root\Intel_ME, para usar la cuenta LocalSystem. Esta cuenta tiene privilegios y el proveedor puede originar una infracción de seguridad si no suplanta correctamente las solicitudes de usuarios."
Advertencia,14/11/2024 4:01:26,Microsoft-Windows-WMI,63,Ninguno,"Un proveedor (IntelMEProv) se ha registrado en el espacio de nombres del Instrumental de administración de Windows, root\Intel_ME, para usar la cuenta LocalSystem. Esta cuenta tiene privilegios y el proveedor puede originar una infracción de seguridad si no suplanta correctamente las solicitudes de usuarios."
Advertencia,14/11/2024 4:01:26,Microsoft-Windows-WMI,63,Ninguno,"Un proveedor (IntelMEProv) se ha registrado en el espacio de nombres del Instrumental de administración de Windows, root\Intel_ME, para usar la cuenta LocalSystem. Esta cuenta tiene privilegios y el proveedor puede originar una infracción de seguridad si no suplanta correctamente las solicitudes de usuarios."
Advertencia,14/11/2024 4:01:25,vmauthd,1000,Ninguno,SSLConfigLoad: Failed to load OpenSSL config file.

Error,14/11/2024 4:01:23,EventLog,6008,Ninguno,El cierre anterior del sistema a las 12:39:33 a. m. del ‎14/‎11/‎2024 resultó inesperado.
Advertencia,14/11/2024 4:01:23,LsaSrv,6155,Ninguno,"El paquete LSA no está firmado como se esperaba. Esto puede provocar un comportamiento inesperado con Credential Guard.

PackageName: msv1_0"
Advertencia,14/11/2024 4:01:23,LsaSrv,6155,Ninguno,"El paquete LSA no está firmado como se esperaba. Esto puede provocar un comportamiento inesperado con Credential Guard.

PackageName: sfapm"
Advertencia,14/11/2024 4:01:23,LsaSrv,6155,Ninguno,"El paquete LSA no está firmado como se esperaba. Esto puede provocar un comportamiento inesperado con Credential Guard.

PackageName: schannel"
Advertencia,14/11/2024 4:01:23,LsaSrv,6155,Ninguno,"El paquete LSA no está firmado como se esperaba. Esto puede provocar un comportamiento inesperado con Credential Guard.

PackageName: wdigest"
Advertencia,14/11/2024 4:01:23,LsaSrv,6155,Ninguno,"El paquete LSA no está firmado como se esperaba. Esto puede provocar un comportamiento inesperado con Credential Guard.

PackageName: cloudap"
Advertencia,14/11/2024 4:01:23,LsaSrv,6155,Ninguno,"El paquete LSA no está firmado como se esperaba. Esto puede provocar un comportamiento inesperado con Credential Guard.

PackageName: pku2u"
Advertencia,14/11/2024 4:01:23,LsaSrv,6155,Ninguno,"El paquete LSA no está firmado como se esperaba. Esto puede provocar un comportamiento inesperado con Credential Guard.

PackageName: tspkg"
Advertencia,14/11/2024 4:01:23,LsaSrv,6155,Ninguno,"El paquete LSA no está firmado como se esperaba. Esto puede provocar un comportamiento inesperado con Credential Guard.

PackageName: msv1_0"
Advertencia,14/11/2024 4:01:23,LsaSrv,6155,Ninguno,"El paquete LSA no está firmado como se esperaba. Esto puede provocar un comportamiento inesperado con Credential Guard.

PackageName: kerberos"
Advertencia,14/11/2024 4:01:23,LsaSrv,6155,Ninguno,"El paquete LSA no está firmado como se esperaba. Esto puede provocar un comportamiento inesperado con Credential Guard.

PackageName: negoexts"
Advertencia,14/11/2024 4:01:23,Microsoft-Windows-Wininit,15,Ninguno,"Credential Guard y/o VBS Key Isolation están configurados, pero el kernel seguro no se está ejecutando. Continúa sin ellos."
Crítico,14/11/2024 4:00:47,Microsoft-Windows-Kernel-Power,41,(63),"Se reinició el sistema sin apagarlo limpiamente primero. Este error puede producirse si el sistema dejó de responder, se bloqueó o se interrumpió el suministro eléctrico de forma inesperada."
Advertencia,13/11/2024 17:27:17,Microsoft-Windows-DNS-Client,1014,(1014),La resolución de nombres para el nombre www.msftconnecttest.com agotó el tiempo de espera después de que ninguno de los servidores DNS configurados respondiera. PID de cliente 1792.
Advertencia,13/11/2024 16:01:40,Microsoft-Windows-DistributedCOM,10016,Ninguno,"La configuración de permisos específico de la aplicación no concede el permiso Iniciar Local para la aplicación de servidor COM con CLSID 
Windows.SecurityCenter.WscDataProtection
 y APPID 
No disponible
 al usuario NT AUTHORITY\SYSTEM con SID (S-1-5-18) en la dirección LocalHost (con LRPC) que se ejecuta en el contenedor de aplicaciones con SID No disponible (No disponible). Este permiso de seguridad se puede modificar mediante la herramienta administrativa Servicios de componentes."
Error,13/11/2024 16:01:38,Service Control Manager,7009,Ninguno,Se agotó el tiempo de espera (30000 ms) para la conexión con el servicio Google Update Servicio (gupdate).
Error,13/11/2024 16:01:38,Service Control Manager,7000,Ninguno,"El servicio Google Update Servicio (gupdate) no pudo iniciarse debido al siguiente error: 
El servicio no respondió a tiempo a la solicitud de inicio o de control."
Advertencia,13/11/2024 15:59:35,Microsoft-Windows-WMI,63,Ninguno,"Un proveedor (IntelMEProv) se ha registrado en el espacio de nombres del Instrumental de administración de Windows, root\Intel_ME, para usar la cuenta LocalSystem. Esta cuenta tiene privilegios y el proveedor puede originar una infracción de seguridad si no suplanta correctamente las solicitudes de usuarios."
Advertencia,13/11/2024 15:59:35,Microsoft-Windows-WMI,63,Ninguno,"Un proveedor (IntelMEProv) se ha registrado en el espacio de nombres del Instrumental de administración de Windows, root\Intel_ME, para usar la cuenta LocalSystem. Esta cuenta tiene privilegios y el proveedor puede originar una infracción de seguridad si no suplanta correctamente las solicitudes de usuarios."
Advertencia,13/11/2024 15:59:35,Microsoft-Windows-WMI,63,Ninguno,"Un proveedor (IntelMEProv) se ha registrado en el espacio de nombres del Instrumental de administración de Windows, root\Intel_ME, para usar la cuenta LocalSystem. Esta cuenta tiene privilegios y el proveedor puede originar una infracción de seguridad si no suplanta correctamente las solicitudes de usuarios."
Advertencia,13/11/2024 15:59:34,vmauthd,1000,Ninguno,SSLConfigLoad: Failed to load OpenSSL config file.

Error,13/11/2024 15:59:33,EventLog,6008,Ninguno,El cierre anterior del sistema a las 10:39:41 a. m. del ‎13/‎11/‎2024 resultó inesperado.
Advertencia,13/11/2024 15:59:32,LsaSrv,6155,Ninguno,"El paquete LSA no está firmado como se esperaba. Esto puede provocar un comportamiento inesperado con Credential Guard.

PackageName: msv1_0"
Advertencia,13/11/2024 15:59:32,LsaSrv,6155,Ninguno,"El paquete LSA no está firmado como se esperaba. Esto puede provocar un comportamiento inesperado con Credential Guard.

PackageName: sfapm"
Advertencia,13/11/2024 15:59:32,LsaSrv,6155,Ninguno,"El paquete LSA no está firmado como se esperaba. Esto puede provocar un comportamiento inesperado con Credential Guard.

PackageName: schannel"
Advertencia,13/11/2024 15:59:32,LsaSrv,6155,Ninguno,"El paquete LSA no está firmado como se esperaba. Esto puede provocar un comportamiento inesperado con Credential Guard.

PackageName: wdigest"
Advertencia,13/11/2024 15:59:32,LsaSrv,6155,Ninguno,"El paquete LSA no está firmado como se esperaba. Esto puede provocar un comportamiento inesperado con Credential Guard.

PackageName: cloudap"
Advertencia,13/11/2024 15:59:32,LsaSrv,6155,Ninguno,"El paquete LSA no está firmado como se esperaba. Esto puede provocar un comportamiento inesperado con Credential Guard.

PackageName: pku2u"
Advertencia,13/11/2024 15:59:32,LsaSrv,6155,Ninguno,"El paquete LSA no está firmado como se esperaba. Esto puede provocar un comportamiento inesperado con Credential Guard.

PackageName: tspkg"
Advertencia,13/11/2024 15:59:32,LsaSrv,6155,Ninguno,"El paquete LSA no está firmado como se esperaba. Esto puede provocar un comportamiento inesperado con Credential Guard.

PackageName: msv1_0"
Advertencia,13/11/2024 15:59:32,LsaSrv,6155,Ninguno,"El paquete LSA no está firmado como se esperaba. Esto puede provocar un comportamiento inesperado con Credential Guard.

PackageName: kerberos"
Advertencia,13/11/2024 15:59:32,LsaSrv,6155,Ninguno,"El paquete LSA no está firmado como se esperaba. Esto puede provocar un comportamiento inesperado con Credential Guard.

PackageName: negoexts"
Advertencia,13/11/2024 15:59:32,Microsoft-Windows-Wininit,15,Ninguno,"Credential Guard y/o VBS Key Isolation están configurados, pero el kernel seguro no se está ejecutando. Continúa sin ellos."
Error,13/11/2024 15:59:21,RtlWlanu,5003,Ninguno,TP-Link Wireless USB Adapter #2 : no se pudo encontrar un adaptador de red.
Crítico,13/11/2024 15:58:57,Microsoft-Windows-Kernel-Power,41,(63),"Se reinició el sistema sin apagarlo limpiamente primero. Este error puede producirse si el sistema dejó de responder, se bloqueó o se interrumpió el suministro eléctrico de forma inesperada."
Advertencia,13/11/2024 10:29:43,Microsoft-Windows-DistributedCOM,10016,Ninguno,"La configuración de permisos específico de la aplicación no concede el permiso Activación Local para la aplicación de servidor COM con CLSID 
{2593F8B9-4EAF-457C-B68A-50F6B8EA6B54}
 y APPID 
{15C20B67-12E7-4BB6-92BB-7AFF07997402}
 al usuario DESKTOP-J7297OU\USUARIO con SID (S-1-5-21-2406599888-185599422-2313661707-1001) en la dirección LocalHost (con LRPC) que se ejecuta en el contenedor de aplicaciones con SID MicrosoftWindows.Client.WebExperience_524.28801.70.0_x64__cw5n1h2txyewy (No disponible). Este permiso de seguridad se puede modificar mediante la herramienta administrativa Servicios de componentes."
Advertencia,13/11/2024 10:15:01,Microsoft-Windows-DistributedCOM,10016,Ninguno,"La configuración de permisos específico de la aplicación no concede el permiso Activación Local para la aplicación de servidor COM con CLSID 
{2593F8B9-4EAF-457C-B68A-50F6B8EA6B54}
 y APPID 
{15C20B67-12E7-4BB6-92BB-7AFF07997402}
 al usuario DESKTOP-J7297OU\USUARIO con SID (S-1-5-21-2406599888-185599422-2313661707-1001) en la dirección LocalHost (con LRPC) que se ejecuta en el contenedor de aplicaciones con SID No disponible (No disponible). Este permiso de seguridad se puede modificar mediante la herramienta administrativa Servicios de componentes."
Advertencia,13/11/2024 10:05:58,e1dexpress,27,Ninguno,"Intel(R) Ethernet Connection (2) I219-LM
 Network link is disconnected.
"
Advertencia,13/11/2024 9:36:18,Microsoft-Windows-DNS-Client,1014,(1014),La resolución de nombres para el nombre t-ring-fdv2.msedge.net agotó el tiempo de espera después de que ninguno de los servidores DNS configurados respondiera. PID de cliente 20824.
Advertencia,13/11/2024 8:29:03,Microsoft-Windows-DistributedCOM,10016,Ninguno,"La configuración de permisos específico de la aplicación no concede el permiso Activación Local para la aplicación de servidor COM con CLSID 
{2593F8B9-4EAF-457C-B68A-50F6B8EA6B54}
 y APPID 
{15C20B67-12E7-4BB6-92BB-7AFF07997402}
 al usuario DESKTOP-J7297OU\USUARIO con SID (S-1-5-21-2406599888-185599422-2313661707-1001) en la dirección LocalHost (con LRPC) que se ejecuta en el contenedor de aplicaciones con SID MicrosoftWindows.Client.WebExperience_524.28801.70.0_x64__cw5n1h2txyewy (No disponible). Este permiso de seguridad se puede modificar mediante la herramienta administrativa Servicios de componentes."
Advertencia,13/11/2024 8:10:55,Microsoft-Windows-DistributedCOM,10016,Ninguno,"La configuración de permisos específico de la aplicación no concede el permiso Activación Local para la aplicación de servidor COM con CLSID 
{2593F8B9-4EAF-457C-B68A-50F6B8EA6B54}
 y APPID 
{15C20B67-12E7-4BB6-92BB-7AFF07997402}
 al usuario DESKTOP-J7297OU\USUARIO con SID (S-1-5-21-2406599888-185599422-2313661707-1001) en la dirección LocalHost (con LRPC) que se ejecuta en el contenedor de aplicaciones con SID No disponible (No disponible). Este permiso de seguridad se puede modificar mediante la herramienta administrativa Servicios de componentes."
Advertencia,13/11/2024 8:06:32,ESENT,643,(5),"Video.UI (2528,D,50) {8C974AF4-E9B4-4077-84BC-917381809C00}:  versión de orden de NLS no actualizada detectada en la base de datos 'C:\Users\USUARIO\AppData\Local\Packages\Microsoft.ZuneVideo_8wekyb3d8bbwe\LocalState\Database\anonymous\EntClientDb.edb' para la configuración regional 'es-EC', versión de ordenación de índice: (SortId =0000002b-57ee-1e5c-00b4-d0000bb1e11e, version =0006030500060305), versión de ordenación actual: (SortId =0000002b-57ee-1e5c-00b4-d0000bb1e11e, version =0006040300060403). "
Advertencia,13/11/2024 6:02:43,Microsoft-Windows-DNS-Client,1014,(1014),La resolución de nombres para el nombre relay-53f849aa.net.anydesk.com agotó el tiempo de espera después de que ninguno de los servidores DNS configurados respondiera. PID de cliente 4428.
Advertencia,13/11/2024 4:01:08,Microsoft-Windows-DistributedCOM,10016,Ninguno,"La configuración de permisos específico de la aplicación no concede el permiso Iniciar Local para la aplicación de servidor COM con CLSID 
Windows.SecurityCenter.WscDataProtection
 y APPID 
No disponible
 al usuario NT AUTHORITY\SYSTEM con SID (S-1-5-18) en la dirección LocalHost (con LRPC) que se ejecuta en el contenedor de aplicaciones con SID No disponible (No disponible). Este permiso de seguridad se puede modificar mediante la herramienta administrativa Servicios de componentes."
Error,13/11/2024 4:01:06,Service Control Manager,7009,Ninguno,Se agotó el tiempo de espera (30000 ms) para la conexión con el servicio Google Update Servicio (gupdate).
Error,13/11/2024 4:01:06,Service Control Manager,7000,Ninguno,"El servicio Google Update Servicio (gupdate) no pudo iniciarse debido al siguiente error: 
El servicio no respondió a tiempo a la solicitud de inicio o de control."
Advertencia,13/11/2024 3:59:03,Microsoft-Windows-WMI,63,Ninguno,"Un proveedor (IntelMEProv) se ha registrado en el espacio de nombres del Instrumental de administración de Windows, root\Intel_ME, para usar la cuenta LocalSystem. Esta cuenta tiene privilegios y el proveedor puede originar una infracción de seguridad si no suplanta correctamente las solicitudes de usuarios."
Advertencia,13/11/2024 3:59:03,Microsoft-Windows-WMI,63,Ninguno,"Un proveedor (IntelMEProv) se ha registrado en el espacio de nombres del Instrumental de administración de Windows, root\Intel_ME, para usar la cuenta LocalSystem. Esta cuenta tiene privilegios y el proveedor puede originar una infracción de seguridad si no suplanta correctamente las solicitudes de usuarios."
Advertencia,13/11/2024 3:59:03,Microsoft-Windows-WMI,63,Ninguno,"Un proveedor (IntelMEProv) se ha registrado en el espacio de nombres del Instrumental de administración de Windows, root\Intel_ME, para usar la cuenta LocalSystem. Esta cuenta tiene privilegios y el proveedor puede originar una infracción de seguridad si no suplanta correctamente las solicitudes de usuarios."
Advertencia,13/11/2024 3:59:02,vmauthd,1000,Ninguno,SSLConfigLoad: Failed to load OpenSSL config file.

Error,13/11/2024 3:59:01,EventLog,6008,Ninguno,El cierre anterior del sistema a las 12:56:25 a. m. del ‎13/‎11/‎2024 resultó inesperado.
Advertencia,13/11/2024 3:59:00,LsaSrv,6155,Ninguno,"El paquete LSA no está firmado como se esperaba. Esto puede provocar un comportamiento inesperado con Credential Guard.

PackageName: msv1_0"
Advertencia,13/11/2024 3:59:00,LsaSrv,6155,Ninguno,"El paquete LSA no está firmado como se esperaba. Esto puede provocar un comportamiento inesperado con Credential Guard.

PackageName: sfapm"
Advertencia,13/11/2024 3:59:00,LsaSrv,6155,Ninguno,"El paquete LSA no está firmado como se esperaba. Esto puede provocar un comportamiento inesperado con Credential Guard.

PackageName: schannel"
Advertencia,13/11/2024 3:59:00,LsaSrv,6155,Ninguno,"El paquete LSA no está firmado como se esperaba. Esto puede provocar un comportamiento inesperado con Credential Guard.

PackageName: wdigest"
Advertencia,13/11/2024 3:59:00,LsaSrv,6155,Ninguno,"El paquete LSA no está firmado como se esperaba. Esto puede provocar un comportamiento inesperado con Credential Guard.

PackageName: cloudap"
Advertencia,13/11/2024 3:59:00,LsaSrv,6155,Ninguno,"El paquete LSA no está firmado como se esperaba. Esto puede provocar un comportamiento inesperado con Credential Guard.

PackageName: pku2u"
Advertencia,13/11/2024 3:59:00,LsaSrv,6155,Ninguno,"El paquete LSA no está firmado como se esperaba. Esto puede provocar un comportamiento inesperado con Credential Guard.

PackageName: tspkg"
Advertencia,13/11/2024 3:59:00,LsaSrv,6155,Ninguno,"El paquete LSA no está firmado como se esperaba. Esto puede provocar un comportamiento inesperado con Credential Guard.

PackageName: msv1_0"
Advertencia,13/11/2024 3:59:00,LsaSrv,6155,Ninguno,"El paquete LSA no está firmado como se esperaba. Esto puede provocar un comportamiento inesperado con Credential Guard.

PackageName: kerberos"
Advertencia,13/11/2024 3:59:00,LsaSrv,6155,Ninguno,"El paquete LSA no está firmado como se esperaba. Esto puede provocar un comportamiento inesperado con Credential Guard.

PackageName: negoexts"
Advertencia,13/11/2024 3:59:00,Microsoft-Windows-Wininit,15,Ninguno,"Credential Guard y/o VBS Key Isolation están configurados, pero el kernel seguro no se está ejecutando. Continúa sin ellos."
Crítico,13/11/2024 3:58:24,Microsoft-Windows-Kernel-Power,41,(63),"Se reinició el sistema sin apagarlo limpiamente primero. Este error puede producirse si el sistema dejó de responder, se bloqueó o se interrumpió el suministro eléctrico de forma inesperada."
Advertencia,13/11/2024 0:18:31,Microsoft-Windows-DistributedCOM,10016,Ninguno,"La configuración de permisos específico de la aplicación no concede el permiso Iniciar Local para la aplicación de servidor COM con CLSID 
Windows.SecurityCenter.WscDataProtection
 y APPID 
No disponible
 al usuario NT AUTHORITY\SYSTEM con SID (S-1-5-18) en la dirección LocalHost (con LRPC) que se ejecuta en el contenedor de aplicaciones con SID No disponible (No disponible). Este permiso de seguridad se puede modificar mediante la herramienta administrativa Servicios de componentes."
Error,13/11/2024 0:18:30,Service Control Manager,7000,Ninguno,"El servicio Google Update Servicio (gupdate) no pudo iniciarse debido al siguiente error: 
El servicio no respondió a tiempo a la solicitud de inicio o de control."
Error,13/11/2024 0:18:30,Service Control Manager,7009,Ninguno,Se agotó el tiempo de espera (30000 ms) para la conexión con el servicio Google Update Servicio (gupdate).
Advertencia,13/11/2024 0:18:14,BROWSER,8021,Ninguno,"El servicio explorador no puede recuperar una lista de servidores del explorador maestro \\RAQUEL en la red \Device\NetBT_Tcpip_{31D2A2E1-2E9C-4695-9CCC-FBA2256F0AA8}.
 
 Explorador maestro: \\RAQUEL
 Red: \Device\NetBT_Tcpip_{31D2A2E1-2E9C-4695-9CCC-FBA2256F0AA8}
 
 Este evento puede deberse a una pérdida temporal de conectividad en la red. Si aparece de nuevo este mensaje, compruebe que el servidor esté aún conectado a la red. El código devuelto está en el cuadro de texto Datos."
Advertencia,13/11/2024 0:16:28,Microsoft-Windows-WMI,63,Ninguno,"Un proveedor (IntelMEProv) se ha registrado en el espacio de nombres del Instrumental de administración de Windows, root\Intel_ME, para usar la cuenta LocalSystem. Esta cuenta tiene privilegios y el proveedor puede originar una infracción de seguridad si no suplanta correctamente las solicitudes de usuarios."
Advertencia,13/11/2024 0:16:28,Microsoft-Windows-WMI,63,Ninguno,"Un proveedor (IntelMEProv) se ha registrado en el espacio de nombres del Instrumental de administración de Windows, root\Intel_ME, para usar la cuenta LocalSystem. Esta cuenta tiene privilegios y el proveedor puede originar una infracción de seguridad si no suplanta correctamente las solicitudes de usuarios."
Advertencia,13/11/2024 0:16:28,Microsoft-Windows-WMI,63,Ninguno,"Un proveedor (IntelMEProv) se ha registrado en el espacio de nombres del Instrumental de administración de Windows, root\Intel_ME, para usar la cuenta LocalSystem. Esta cuenta tiene privilegios y el proveedor puede originar una infracción de seguridad si no suplanta correctamente las solicitudes de usuarios."
Advertencia,13/11/2024 0:16:26,vmauthd,1000,Ninguno,SSLConfigLoad: Failed to load OpenSSL config file.

Advertencia,13/11/2024 0:16:24,LsaSrv,6155,Ninguno,"El paquete LSA no está firmado como se esperaba. Esto puede provocar un comportamiento inesperado con Credential Guard.

PackageName: msv1_0"
Advertencia,13/11/2024 0:16:24,LsaSrv,6155,Ninguno,"El paquete LSA no está firmado como se esperaba. Esto puede provocar un comportamiento inesperado con Credential Guard.

PackageName: sfapm"
Advertencia,13/11/2024 0:16:24,LsaSrv,6155,Ninguno,"El paquete LSA no está firmado como se esperaba. Esto puede provocar un comportamiento inesperado con Credential Guard.

PackageName: schannel"
Advertencia,13/11/2024 0:16:24,LsaSrv,6155,Ninguno,"El paquete LSA no está firmado como se esperaba. Esto puede provocar un comportamiento inesperado con Credential Guard.

PackageName: wdigest"
Advertencia,13/11/2024 0:16:24,LsaSrv,6155,Ninguno,"El paquete LSA no está firmado como se esperaba. Esto puede provocar un comportamiento inesperado con Credential Guard.

PackageName: cloudap"
Advertencia,13/11/2024 0:16:24,LsaSrv,6155,Ninguno,"El paquete LSA no está firmado como se esperaba. Esto puede provocar un comportamiento inesperado con Credential Guard.

PackageName: pku2u"
Advertencia,13/11/2024 0:16:24,LsaSrv,6155,Ninguno,"El paquete LSA no está firmado como se esperaba. Esto puede provocar un comportamiento inesperado con Credential Guard.

PackageName: tspkg"
Advertencia,13/11/2024 0:16:24,LsaSrv,6155,Ninguno,"El paquete LSA no está firmado como se esperaba. Esto puede provocar un comportamiento inesperado con Credential Guard.

PackageName: msv1_0"
Advertencia,13/11/2024 0:16:24,LsaSrv,6155,Ninguno,"El paquete LSA no está firmado como se esperaba. Esto puede provocar un comportamiento inesperado con Credential Guard.

PackageName: kerberos"
Advertencia,13/11/2024 0:16:24,LsaSrv,6155,Ninguno,"El paquete LSA no está firmado como se esperaba. Esto puede provocar un comportamiento inesperado con Credential Guard.

PackageName: negoexts"
Advertencia,13/11/2024 0:16:24,Microsoft-Windows-Wininit,15,Ninguno,"Credential Guard y/o VBS Key Isolation están configurados, pero el kernel seguro no se está ejecutando. Continúa sin ellos."
Error,13/11/2024 0:16:12,RtlWlanu,5003,Ninguno,TP-Link Wireless USB Adapter #2 : no se pudo encontrar un adaptador de red.
Advertencia,12/11/2024 20:14:55,e1dexpress,27,Ninguno,"Intel(R) Ethernet Connection (2) I219-LM
 Network link is disconnected.
"
Error,12/11/2024 20:05:42,Microsoft-Windows-Perflib,1017,Ninguno,"Se deshabilitó la recopilación de datos de los contadores de rendimiento del servicio ""Lsa"" debido a uno o más errores generados por la biblioteca de contadores de rendimiento de este servicio. Los errores que exigieron esta acción se escribieron en el registro de eventos de la aplicación. Corrija estos errores antes de habilitar los contadores de rendimiento para este servicio."
Error,12/11/2024 20:05:42,Microsoft-Windows-Perflib,1005,Ninguno,"El intento de localizar el procedimiento Open ""OpenLsaPerformanceData"" en el archivo DLL ""C:\Windows\System32\Secur32.dll"" del servicio ""Lsa"" produjo un error con el código Win32 No se encontró el proceso especificado.. Los datos de rendimiento de este servicio no estarán disponibles."
Advertencia,12/11/2024 19:14:47,BROWSER,8021,Ninguno,"El servicio explorador no puede recuperar una lista de servidores del explorador maestro \\RAQUEL en la red \Device\NetBT_Tcpip_{31D2A2E1-2E9C-4695-9CCC-FBA2256F0AA8}.
 
 Explorador maestro: \\RAQUEL
 Red: \Device\NetBT_Tcpip_{31D2A2E1-2E9C-4695-9CCC-FBA2256F0AA8}
 
 Este evento puede deberse a una pérdida temporal de conectividad en la red. Si aparece de nuevo este mensaje, compruebe que el servidor esté aún conectado a la red. El código devuelto está en el cuadro de texto Datos."
Advertencia,12/11/2024 19:00:46,Microsoft-Windows-DistributedCOM,10016,Ninguno,"La configuración de permisos específico de la aplicación no concede el permiso Iniciar Local para la aplicación de servidor COM con CLSID 
Windows.SecurityCenter.WscDataProtection
 y APPID 
No disponible
 al usuario NT AUTHORITY\SYSTEM con SID (S-1-5-18) en la dirección LocalHost (con LRPC) que se ejecuta en el contenedor de aplicaciones con SID No disponible (No disponible). Este permiso de seguridad se puede modificar mediante la herramienta administrativa Servicios de componentes."
Error,12/11/2024 19:00:44,Service Control Manager,7009,Ninguno,Se agotó el tiempo de espera (30000 ms) para la conexión con el servicio Google Update Servicio (gupdate).
Error,12/11/2024 19:00:44,Service Control Manager,7000,Ninguno,"El servicio Google Update Servicio (gupdate) no pudo iniciarse debido al siguiente error: 
El servicio no respondió a tiempo a la solicitud de inicio o de control."
Advertencia,12/11/2024 18:58:52,Microsoft-Windows-DNS-Client,1014,(1014),La resolución de nombres para el nombre ecs.office.com agotó el tiempo de espera después de que ninguno de los servidores DNS configurados respondiera. PID de cliente 4388.
Advertencia,12/11/2024 18:58:41,Microsoft-Windows-WMI,63,Ninguno,"Un proveedor (IntelMEProv) se ha registrado en el espacio de nombres del Instrumental de administración de Windows, root\Intel_ME, para usar la cuenta LocalSystem. Esta cuenta tiene privilegios y el proveedor puede originar una infracción de seguridad si no suplanta correctamente las solicitudes de usuarios."
Advertencia,12/11/2024 18:58:41,Microsoft-Windows-WMI,63,Ninguno,"Un proveedor (IntelMEProv) se ha registrado en el espacio de nombres del Instrumental de administración de Windows, root\Intel_ME, para usar la cuenta LocalSystem. Esta cuenta tiene privilegios y el proveedor puede originar una infracción de seguridad si no suplanta correctamente las solicitudes de usuarios."
Advertencia,12/11/2024 18:58:41,Microsoft-Windows-WMI,63,Ninguno,"Un proveedor (IntelMEProv) se ha registrado en el espacio de nombres del Instrumental de administración de Windows, root\Intel_ME, para usar la cuenta LocalSystem. Esta cuenta tiene privilegios y el proveedor puede originar una infracción de seguridad si no suplanta correctamente las solicitudes de usuarios."
Error,12/11/2024 18:58:41,RtlWlanu,5003,Ninguno,TP-Link Wireless USB Adapter #2 : no se pudo encontrar un adaptador de red.
Advertencia,12/11/2024 18:58:40,vmauthd,1000,Ninguno,SSLConfigLoad: Failed to load OpenSSL config file.

